2026/03/11 10:46:00.528143 [INFO] Starting...
2026/03/11 10:46:00.528198 [INFO] Starting EBPlatform-PlatformEngine
2026/03/11 10:46:00.528337 [INFO] reading event message file
2026/03/11 10:46:00.528885 [INFO] Engine received EB command userdata-exec

2026/03/11 10:46:00.536660 [INFO] Running command: /opt/aws/bin/cfn-get-metadata -s arn:aws:cloudformation:ap-southeast-1:971470477689:stack/awseb-e-awxrvevwc2-immutable-stack/6c302f60-1d37-11f1-986d-06e088491451 -r AWSEBAutoScalingGroup --region ap-southeast-1
2026/03/11 10:46:00.947537 [INFO] Running command: /opt/aws/bin/cfn-get-metadata -s arn:aws:cloudformation:ap-southeast-1:971470477689:stack/awseb-e-awxrvevwc2-immutable-stack/6c302f60-1d37-11f1-986d-06e088491451 -r AWSEBBeanstalkMetadata --region ap-southeast-1
2026/03/11 10:46:01.406512 [INFO] Received 404 status code from launch URL. This is a scale-up instance.
2026/03/11 10:46:01.406655 [INFO] Engine command: (self-startup)

2026/03/11 10:46:01.406672 [INFO] Downloading EB Application...
2026/03/11 10:46:01.406678 [INFO] Region: ap-southeast-1
2026/03/11 10:46:01.406682 [INFO] envID: e-awxrvevwc2
2026/03/11 10:46:01.406689 [INFO] envBucket: elasticbeanstalk-ap-southeast-1-971470477689
2026/03/11 10:46:01.406693 [INFO] accountID: 971470477689
2026/03/11 10:46:01.406697 [INFO] Using manifest file name from command request
2026/03/11 10:46:01.406715 [INFO] Trying to download manifest using key ManifestFileS3Key...
2026/03/11 10:46:01.406728 [INFO] ManifestFileS3Key (resources/environments/e-awxrvevwc2/_runtime/immutable_deployment_versions/manifest_1773225929022) from cfn template

2026/03/11 10:46:01.407413 [INFO] Downloading: bucket: elasticbeanstalk-ap-southeast-1-971470477689, object: resources/environments/e-awxrvevwc2/_runtime/immutable_deployment_versions/manifest_1773225929022, expected bucket owner: 971470477689
2026/03/11 10:46:01.450430 [INFO] Download successful154bytes downloaded
2026/03/11 10:46:01.450572 [INFO] Trying to read and parse version manifest...
2026/03/11 10:46:01.450721 [INFO] Downloading: bucket: elasticbeanstalk-ap-southeast-1-971470477689, object: resources/environments/e-awxrvevwc2/_runtime/_versions/Iaos-mobile/app-7a85-260311_103237845641, expected bucket owner: 971470477689
2026/03/11 10:46:01.599616 [INFO] Download successful6173563bytes downloaded
2026/03/11 10:46:01.600119 [INFO] Executing instruction: SyncClock
2026/03/11 10:46:01.600127 [INFO] Starting SyncClock
2026/03/11 10:46:01.600139 [INFO] Running command: /usr/bin/chronyc tracking
2026/03/11 10:46:01.605188 [INFO] Reference ID    : 00000000 ()
Stratum         : 0
Ref time (UTC)  : Thu Jan 01 00:00:00 1970
System time     : 0.000000000 seconds slow of NTP time
Last offset     : +0.000000000 seconds
RMS offset      : 0.000000000 seconds
Frequency       : 6.156 ppm slow
Residual freq   : +0.000 ppm
Skew            : 0.000 ppm
Root delay      : 1.000000000 seconds
Root dispersion : 1.000000000 seconds
Update interval : 0.0 seconds
Leap status     : Not synchronised

2026/03/11 10:46:01.605247 [INFO] Running command: /usr/bin/chronyc -a makestep
2026/03/11 10:46:01.609667 [INFO] 200 OK

2026/03/11 10:46:01.609744 [INFO] Skipping Configure OS
2026/03/11 10:46:01.609757 [INFO] Skipping LockRepo
2026/03/11 10:46:01.609766 [INFO] Skipping GenerateEBBanner
2026/03/11 10:46:01.609775 [INFO] Skipping Install Process Manager
2026/03/11 10:46:01.609783 [INFO] Skipping install syslog
2026/03/11 10:46:01.609791 [INFO] Skipping install cron
2026/03/11 10:46:01.609799 [INFO] Skipping install proxy
2026/03/11 10:46:01.609805 [INFO] Skipping installhealthd
2026/03/11 10:46:01.609812 [INFO] Skipping Install Log Streaming Manager
2026/03/11 10:46:01.609819 [INFO] Skipping install X-Ray
2026/03/11 10:46:01.609826 [INFO] Skipping install Third Party License
2026/03/11 10:46:01.609834 [INFO] Instance has NOT been bootstrapped
2026/03/11 10:46:01.609838 [INFO] Executing instruction: installSqsd
2026/03/11 10:46:01.609843 [INFO] This is a web server environment instance, skip install sqsd daemon ...
2026/03/11 10:46:01.609849 [INFO] Instance has NOT been bootstrapped
2026/03/11 10:46:01.609867 [INFO] Executing instruction: bootstraphealthd
2026/03/11 10:46:01.609872 [INFO] this is an enhanced health env ...
2026/03/11 10:46:01.609887 [INFO] bootstrap healthd....
2026/03/11 10:46:01.609903 [INFO] Running command: /usr/bin/id -u healthd || /usr/sbin/useradd --user-group healthd -s /sbin/nologin --create-home
2026/03/11 10:46:01.783065 [INFO] /usr/bin/id: ‘healthd’: no such user

2026/03/11 10:46:01.783573 [INFO] none proxy, skip creating proxy dir for healthd
2026/03/11 10:46:01.783590 [INFO] bootstrap healthd....
2026/03/11 10:46:01.783607 [INFO] Running command: /usr/bin/id -u healthd || /usr/sbin/useradd --user-group healthd -s /sbin/nologin --create-home
2026/03/11 10:46:01.788557 [INFO] 1001

2026/03/11 10:46:01.789645 [INFO] configure bundle log for healthd...
2026/03/11 10:46:01.789736 [INFO] Executing instruction: GetSetupAnalyzeLogs
2026/03/11 10:46:01.789858 [INFO] Executing instruction: SetupAnalyzeLogsDocker
2026/03/11 10:46:01.789957 [INFO] Skipping Install yum packages
2026/03/11 10:46:01.789967 [INFO] Skipping install docker plugins
2026/03/11 10:46:01.789975 [INFO] Skipping Configure Docker Daemon
2026/03/11 10:46:01.789981 [INFO] Skipping MarkBaked
2026/03/11 10:46:01.789988 [INFO] Instance has NOT been bootstrapped
2026/03/11 10:46:01.789992 [INFO] Executing instruction: TuneSystemSettings
2026/03/11 10:46:01.789996 [INFO] Starting TuneSystemSettings
2026/03/11 10:46:01.790001 [INFO] Instance has NOT been bootstrapped
2026/03/11 10:46:01.791942 [INFO] Executing instruction: GetSetupLogRotate
2026/03/11 10:46:01.791957 [INFO] Initialize LogRotate files and directories
2026/03/11 10:46:01.811215 [INFO] Instance has NOT been bootstrapped
2026/03/11 10:46:01.811232 [INFO] Executing instruction: BootstrapCFNHup
2026/03/11 10:46:01.811236 [INFO] Bootstrap cfn-hup
2026/03/11 10:46:01.813478 [INFO] Copying file /opt/elasticbeanstalk/config/private/aws-eb-command-handler.conf to /etc/cfn/hooks.d/aws-eb-command-handler.conf
2026/03/11 10:46:01.815786 [INFO] Executing instruction: StartCFNHup
2026/03/11 10:46:01.815798 [INFO] Start cfn-hup
2026/03/11 10:46:01.815820 [INFO] Running command: systemctl show -p PartOf cfn-hup.service
2026/03/11 10:46:01.835911 [INFO] cfn-hup is not registered with EB yet, registering it now
2026/03/11 10:46:01.835950 [INFO] Running command: systemctl show -p PartOf cfn-hup.service
2026/03/11 10:46:01.856836 [INFO] Running command: systemctl daemon-reload
2026/03/11 10:46:02.226549 [INFO] Running command: systemctl reset-failed
2026/03/11 10:46:02.242603 [INFO] Running command: systemctl is-enabled aws-eb.target
2026/03/11 10:46:02.259500 [INFO] Running command: systemctl enable aws-eb.target
2026/03/11 10:46:02.599752 [INFO] Running command: systemctl start aws-eb.target
2026/03/11 10:46:02.614572 [INFO] Running command: systemctl enable cfn-hup.service
2026/03/11 10:46:02.999182 [INFO] Created symlink /etc/systemd/system/multi-user.target.wants/cfn-hup.service → /etc/systemd/system/cfn-hup.service.

2026/03/11 10:46:02.999253 [INFO] Running command: systemctl is-active cfn-hup.service
2026/03/11 10:46:03.012295 [INFO] cfn-hup process is not running, starting it now
2026/03/11 10:46:03.012327 [INFO] Running command: systemctl show -p PartOf cfn-hup.service
2026/03/11 10:46:03.028366 [INFO] Running command: systemctl is-active cfn-hup.service
2026/03/11 10:46:03.040696 [INFO] Running command: systemctl start cfn-hup.service
2026/03/11 10:46:03.141123 [INFO] Instance has NOT been bootstrapped
2026/03/11 10:46:03.141142 [INFO] Executing instruction: SetupPublishLogCronjob
2026/03/11 10:46:03.141148 [INFO] Setup publish logs cron job...
2026/03/11 10:46:03.141154 [INFO] Copying file /opt/elasticbeanstalk/config/private/logtasks/cron/publishlogs to /etc/cron.d/publishlogs
2026/03/11 10:46:03.143126 [INFO] Executing instruction: Start Docker
2026/03/11 10:46:03.143164 [INFO] Starting Docker...
2026/03/11 10:46:03.143277 [INFO] Copying file /opt/elasticbeanstalk/config/private/docker-log.conf to /etc/systemd/system/docker.service.d/docker-log.conf
2026/03/11 10:46:03.144382 [INFO] Copying file /opt/elasticbeanstalk/config/private/docker-rsyslog.conf to /etc/rsyslog.d/docker-log.conf
2026/03/11 10:46:03.145781 [INFO] Running command: systemctl restart rsyslog.service
2026/03/11 10:46:03.622363 [INFO] Running command: systemctl show -p PartOf docker.service
2026/03/11 10:46:03.646950 [INFO] Running command: systemctl daemon-reload
2026/03/11 10:46:04.069732 [INFO] Running command: systemctl reset-failed
2026/03/11 10:46:04.084021 [INFO] Running command: systemctl show -p PartOf docker.service
2026/03/11 10:46:04.103556 [INFO] Running command: systemctl restart docker.service
2026/03/11 10:46:06.746900 [INFO] Instance has NOT been bootstrapped
2026/03/11 10:46:06.746928 [INFO] Executing instruction: Setup Docker Options
2026/03/11 10:46:06.746933 [INFO] Setting up configurations for docker platform
2026/03/11 10:46:06.755228 [INFO] Running command: systemctl show -p PartOf eb-docker-events.service
2026/03/11 10:46:06.784953 [INFO] Running command: systemctl daemon-reload
2026/03/11 10:46:07.156330 [INFO] Running command: systemctl reset-failed
2026/03/11 10:46:07.169713 [INFO] Running command: systemctl enable eb-docker-events.service
2026/03/11 10:46:07.536484 [INFO] Created symlink /etc/systemd/system/docker.service.wants/eb-docker-events.service → /etc/systemd/system/eb-docker-events.service.

2026/03/11 10:46:07.536549 [INFO] Running command: systemctl show -p PartOf eb-docker-events.service
2026/03/11 10:46:07.555103 [INFO] Running command: systemctl is-active eb-docker-events.service
2026/03/11 10:46:07.567125 [INFO] Running command: systemctl start eb-docker-events.service
2026/03/11 10:46:07.664344 [INFO] Instance has NOT been bootstrapped
2026/03/11 10:46:07.664373 [INFO] Executing instruction: MarkBootstrapped
2026/03/11 10:46:07.664379 [INFO] Starting MarkBootstrapped
2026/03/11 10:46:07.664387 [INFO] Instance has NOT been bootstrapped
2026/03/11 10:46:07.664647 [INFO] Marked instance as Bootstrapped
2026/03/11 10:46:07.664655 [INFO] Executing instruction: Save CFN Stack Info
2026/03/11 10:46:07.664749 [INFO] Saving CFN stack info
2026/03/11 10:46:07.664836 [INFO] Executing instruction: stopSqsd
2026/03/11 10:46:07.664844 [INFO] This is a web server environment instance, skip stop sqsd daemon ...
2026/03/11 10:46:07.664849 [INFO] Executing instruction: PreBuildEbExtension
2026/03/11 10:46:07.664854 [INFO] Starting executing the config set Infra-EmbeddedPreBuild.
2026/03/11 10:46:07.664873 [INFO] Running command: /opt/aws/bin/cfn-init -s arn:aws:cloudformation:ap-southeast-1:971470477689:stack/awseb-e-awxrvevwc2-immutable-stack/6c302f60-1d37-11f1-986d-06e088491451 -r AWSEBAutoScalingGroup --region ap-southeast-1 --configsets Infra-EmbeddedPreBuild
2026/03/11 10:46:08.146019 [INFO] Finished executing the config set Infra-EmbeddedPreBuild.

2026/03/11 10:46:08.146066 [INFO] Executing instruction: StagedockerApplication
2026/03/11 10:46:08.146083 [INFO] Running command: docker ps -a -q -f status=running
2026/03/11 10:46:08.170286 [INFO] Pruning containers ...
2026/03/11 10:46:08.170324 [INFO] Running command: docker ps -a
2026/03/11 10:46:08.191767 [INFO] CONTAINER ID   IMAGE     COMMAND   CREATED   STATUS    PORTS     NAMES

2026/03/11 10:46:08.191840 [INFO] Running command: docker container prune -f
2026/03/11 10:46:08.214449 [INFO] Total reclaimed space: 0B

2026/03/11 10:46:08.214478 [INFO] Running command: docker ps -a
2026/03/11 10:46:08.235510 [INFO] CONTAINER ID   IMAGE     COMMAND   CREATED   STATUS    PORTS     NAMES

2026/03/11 10:46:08.235546 [INFO] Recreating /var/app/staging/
2026/03/11 10:46:08.235712 [INFO] Recreating /var/log/eb-docker/containers/eb-current-app
2026/03/11 10:46:08.235895 [INFO] Running command: /bin/file -m /opt/elasticbeanstalk/config/private/beanstalk-magic -b --mime-type /opt/elasticbeanstalk/deployment/app_source_bundle
2026/03/11 10:46:08.245394 [INFO] application/zip

2026/03/11 10:46:08.245425 [INFO] app source bundle is zip file ...
2026/03/11 10:46:08.245431 [INFO] extracting /opt/elasticbeanstalk/deployment/app_source_bundle to /var/app/staging/
2026/03/11 10:46:08.245454 [INFO] Running command: /usr/bin/unzip -q -o /opt/elasticbeanstalk/deployment/app_source_bundle -d /var/app/staging/
2026/03/11 10:46:08.332220 [INFO] finished extracting /opt/elasticbeanstalk/deployment/app_source_bundle to /var/app/staging/ successfully
2026/03/11 10:46:08.332247 [INFO] Executing instruction: RunAppDeployPreBuildHooks
2026/03/11 10:46:08.332370 [INFO] Executing platform hooks in .platform/hooks/prebuild/
2026/03/11 10:46:08.332410 [INFO] The dir .platform/hooks/prebuild/ does not exist
2026/03/11 10:46:08.332415 [INFO] Finished running scripts in /var/app/staging/.platform/hooks/prebuild
2026/03/11 10:46:08.332426 [INFO] Executing instruction: Generate environment file
2026/03/11 10:46:08.332575 [INFO] Executing instruction: Docker Specific Build Application
2026/03/11 10:46:08.332582 [INFO] start build docker app
2026/03/11 10:46:08.332585 [INFO] detected new app as docker compose app
2026/03/11 10:46:08.332604 [INFO] Running command: docker compose config
2026/03/11 10:46:08.831641 [INFO] Running command: docker compose config --services
2026/03/11 10:46:08.924648 [INFO] minio
web
nginx

2026/03/11 10:46:08.924679 [INFO] time="2026-03-11T10:46:08Z" level=warning msg="/var/app/staging/docker-compose.yml: the attribute `version` is obsolete, it will be ignored, please remove it to avoid potential confusion"

2026/03/11 10:46:08.924883 [INFO] fetching image names from Dockerfile /var/app/staging/web/Dockerfile
2026/03/11 10:46:08.924969 [INFO] found images [node:20-alpine] in Dockerfile /var/app/staging/web/Dockerfile
2026/03/11 10:46:08.925004 [INFO] Running command: docker compose pull --ignore-buildable
2026/03/11 10:46:18.197459 [INFO] time="2026-03-11T10:46:09Z" level=warning msg="/var/app/staging/docker-compose.yml: the attribute `version` is obsolete, it will be ignored, please remove it to avoid potential confusion"
 web Skipped No image to be pulled
 Image nginx:1-alpine Pulling 
 Image minio/minio Pulling 
 589002ba0eae Pulling fs layer 0B
 d2a46166eee6 Pulling fs layer 0B
 593488f95c35 Pulling fs layer 0B
 e19aff8f2cce Pulling fs layer 0B
 1549d7aec962 Pulling fs layer 0B
 1f25242adbdb Pulling fs layer 0B
 c32126d2b96c Pulling fs layer 0B
 c24026275c33 Pulling fs layer 0B
 e19aff8f2cce Waiting 0B
 1549d7aec962 Waiting 0B
 1f25242adbdb Waiting 0B
 c32126d2b96c Waiting 0B
 c24026275c33 Waiting 0B
 b83ce1c86227 Pulling fs layer 0B
 f94d28849fa3 Pulling fs layer 0B
 81260b173076 Pulling fs layer 0B
 f9c0805c25ee Pulling fs layer 0B
 1008deaf6ec4 Pulling fs layer 0B
 71e9fc939447 Pulling fs layer 0B
 c1bc68842c41 Pulling fs layer 0B
 0288b5a0d7e7 Pulling fs layer 0B
 34013573f278 Pulling fs layer 0B
 b83ce1c86227 Waiting 0B
 f94d28849fa3 Waiting 0B
 81260b173076 Waiting 0B
 f9c0805c25ee Waiting 0B
 1008deaf6ec4 Waiting 0B
 71e9fc939447 Waiting 0B
 c1bc68842c41 Waiting 0B
 0288b5a0d7e7 Waiting 0B
 34013573f278 Waiting 0B
 d2a46166eee6 Downloading 19.17kB
 d2a46166eee6 Verifying Checksum 0B
 d2a46166eee6 Download complete 0B
 589002ba0eae Downloading 39.28kB
 589002ba0eae Verifying Checksum 0B
 589002ba0eae Download complete 0B
 589002ba0eae Extracting 65.54kB
 593488f95c35 Downloading 626B
 593488f95c35 Verifying Checksum 0B
 593488f95c35 Download complete 0B
 589002ba0eae Extracting 1.442MB
 589002ba0eae Extracting 3.862MB
 589002ba0eae Pull complete 0B
 d2a46166eee6 Extracting 32.77kB
 d2a46166eee6 Extracting 1.87MB
 d2a46166eee6 Pull complete 0B
 593488f95c35 Extracting 626B
 593488f95c35 Extracting 626B
 593488f95c35 Pull complete 0B
 e19aff8f2cce Downloading 952B
 e19aff8f2cce Verifying Checksum 0B
 e19aff8f2cce Download complete 0B
 e19aff8f2cce Extracting 952B
 e19aff8f2cce Extracting 952B
 e19aff8f2cce Pull complete 0B
 1549d7aec962 Download complete 0B
 1549d7aec962 Extracting 403B
 1549d7aec962 Extracting 403B
 1549d7aec962 Pull complete 0B
 1f25242adbdb Downloading 1.208kB
 1f25242adbdb Verifying Checksum 0B
 1f25242adbdb Download complete 0B
 1f25242adbdb Extracting 1.208kB
 1f25242adbdb Extracting 1.208kB
 1f25242adbdb Pull complete 0B
 b83ce1c86227 Downloading 75.84kB
 b83ce1c86227 Verifying Checksum 0B
 b83ce1c86227 Download complete 0B
 b83ce1c86227 Extracting 98.3kB
 c32126d2b96c Downloading 953B
 c32126d2b96c Downloading 1.398kB
 c32126d2b96c Verifying Checksum 0B
 c32126d2b96c Download complete 0B
 c32126d2b96c Extracting 1.398kB
 c32126d2b96c Extracting 1.398kB
 c32126d2b96c Pull complete 0B
 b83ce1c86227 Extracting 1.966MB
 c24026275c33 Downloading 205.1kB
 b83ce1c86227 Extracting 2.654MB
 c24026275c33 Downloading 9.359MB
 b83ce1c86227 Extracting 5.21MB
 c24026275c33 Downloading 19.37MB
 c24026275c33 Verifying Checksum 0B
 c24026275c33 Download complete 0B
 b83ce1c86227 Extracting 6.488MB
 c24026275c33 Extracting 229.4kB
 b83ce1c86227 Extracting 7.241MB
 b83ce1c86227 Pull complete 0B
 c24026275c33 Extracting 1.147MB
 c24026275c33 Extracting 4.588MB
 f94d28849fa3 Downloading 16.79kB
 f94d28849fa3 Verifying Checksum 0B
 f94d28849fa3 Download complete 0B
 f94d28849fa3 Extracting 32.77kB
 81260b173076 Downloading 1.774kB
 81260b173076 Verifying Checksum 0B
 81260b173076 Download complete 0B
 c24026275c33 Extracting 7.569MB
 f94d28849fa3 Extracting 1.637MB
 f94d28849fa3 Extracting 1.637MB
 c24026275c33 Extracting 11.01MB
 f94d28849fa3 Pull complete 0B
 81260b173076 Extracting 32.77kB
 81260b173076 Extracting 122.7kB
 81260b173076 Pull complete 0B
 c24026275c33 Extracting 14.22MB
 c24026275c33 Extracting 18.12MB
 f9c0805c25ee Downloading 404.6kB
 c24026275c33 Extracting 20.25MB
 f9c0805c25ee Downloading 14.99MB
 c24026275c33 Pull complete 0B
 Image nginx:1-alpine Pulled 
 f9c0805c25ee Downloading 20.63MB
 1008deaf6ec4 Downloading 113.9kB
 f9c0805c25ee Downloading 32.36MB
 71e9fc939447 Downloading 24.93kB
 1008deaf6ec4 Verifying Checksum 0B
 1008deaf6ec4 Download complete 0B
 f9c0805c25ee Verifying Checksum 0B
 f9c0805c25ee Download complete 0B
 71e9fc939447 Verifying Checksum 0B
 71e9fc939447 Download complete 0B
 f9c0805c25ee Extracting 426kB
 f9c0805c25ee Extracting 3.834MB
 f9c0805c25ee Extracting 7.668MB
 f9c0805c25ee Extracting 11.08MB
 f9c0805c25ee Extracting 14.91MB
 f9c0805c25ee Extracting 17.89MB
 f9c0805c25ee Extracting 22.58MB
 0288b5a0d7e7 Downloading 407B
 0288b5a0d7e7 Downloading 11.88kB
 0288b5a0d7e7 Verifying Checksum 0B
 0288b5a0d7e7 Download complete 0B
 c1bc68842c41 Downloading 3.036kB
 c1bc68842c41 Downloading 180.3kB
 c1bc68842c41 Verifying Checksum 0B
 c1bc68842c41 Download complete 0B
 34013573f278 Downloading 408B
 34013573f278 Downloading 496B
 34013573f278 Verifying Checksum 0B
 34013573f278 Download complete 0B
 f9c0805c25ee Extracting 27.26MB
 f9c0805c25ee Extracting 30.24MB
 f9c0805c25ee Extracting 33.65MB
 f9c0805c25ee Extracting 38.34MB
 f9c0805c25ee Extracting 39.45MB
 f9c0805c25ee Pull complete 0B
 1008deaf6ec4 Extracting 131.1kB
 1008deaf6ec4 Extracting 4.325MB
 1008deaf6ec4 Extracting 7.602MB
 1008deaf6ec4 Extracting 11.19MB
 1008deaf6ec4 Pull complete 0B
 71e9fc939447 Extracting 32.77kB
 71e9fc939447 Extracting 2.402MB
 71e9fc939447 Pull complete 0B
 c1bc68842c41 Extracting 32.77kB
 c1bc68842c41 Extracting 180.3kB
 c1bc68842c41 Pull complete 0B
 0288b5a0d7e7 Extracting 11.88kB
 0288b5a0d7e7 Extracting 11.88kB
 0288b5a0d7e7 Pull complete 0B
 34013573f278 Extracting 496B
 34013573f278 Extracting 496B
 34013573f278 Pull complete 0B
 Image minio/minio Pulled 

2026/03/11 10:46:18.197530 [INFO] successfully execute command: docker compose pull --ignore-buildable
2026/03/11 10:46:18.197549 [INFO] Running command: docker compose build
2026/03/11 10:49:05.012288 [INFO] #1 [internal] load local bake definitions
#1 reading from stdin 480B done
#1 DONE 0.0s

#2 [internal] load build definition from Dockerfile
#2 transferring dockerfile: 283B done
#2 DONE 0.0s

#3 [internal] load metadata for docker.io/library/node:20-alpine
#3 DONE 2.4s

#4 [internal] load .dockerignore
#4 transferring context: 110B done
#4 DONE 0.0s

#5 [1/6] FROM docker.io/library/node:20-alpine@sha256:b88333c42c23fbd91596ebd7fd10de239cedab9617de04142dde7315e3bc0afa
#5 resolve docker.io/library/node:20-alpine@sha256:b88333c42c23fbd91596ebd7fd10de239cedab9617de04142dde7315e3bc0afa 0.0s done
#5 sha256:5bac2112f1a27db4775ce6ead86db9e0cbc087f0dbddfe3cbc11ecea122d5294 1.72kB / 1.72kB done
#5 sha256:6757e50d3b6babac896b5ba3e7acb5219351e6a111bf4dd19974c7b0bd694c1f 6.52kB / 6.52kB done
#5 sha256:ed2fdcee5269a06b0b8b77c69867176443364a72a9626e9aa2e66ab1ebda35a7 0B / 43.22MB 0.1s
#5 sha256:7ad115895a6aadccf7f98a05c33873c04df2933ba557c5bcdbedd3de612803da 0B / 1.26MB 0.1s
#5 sha256:9d10d4687fae6e13c052431ea3221ccda835c3262df3564310345ffe173146d9 0B / 445B 0.1s
#5 sha256:b88333c42c23fbd91596ebd7fd10de239cedab9617de04142dde7315e3bc0afa 7.67kB / 7.67kB done
#5 ...

#6 [internal] load build context
#6 transferring context: 6.76MB 0.1s done
#6 DONE 0.1s

#5 [1/6] FROM docker.io/library/node:20-alpine@sha256:b88333c42c23fbd91596ebd7fd10de239cedab9617de04142dde7315e3bc0afa
#5 sha256:ed2fdcee5269a06b0b8b77c69867176443364a72a9626e9aa2e66ab1ebda35a7 19.92MB / 43.22MB 0.7s
#5 sha256:ed2fdcee5269a06b0b8b77c69867176443364a72a9626e9aa2e66ab1ebda35a7 27.26MB / 43.22MB 0.8s
#5 sha256:ed2fdcee5269a06b0b8b77c69867176443364a72a9626e9aa2e66ab1ebda35a7 35.65MB / 43.22MB 0.9s
#5 sha256:7ad115895a6aadccf7f98a05c33873c04df2933ba557c5bcdbedd3de612803da 1.26MB / 1.26MB 0.8s done
#5 sha256:ed2fdcee5269a06b0b8b77c69867176443364a72a9626e9aa2e66ab1ebda35a7 43.22MB / 43.22MB 1.0s
#5 extracting sha256:ed2fdcee5269a06b0b8b77c69867176443364a72a9626e9aa2e66ab1ebda35a7
#5 sha256:ed2fdcee5269a06b0b8b77c69867176443364a72a9626e9aa2e66ab1ebda35a7 43.22MB / 43.22MB 1.0s done
#5 sha256:9d10d4687fae6e13c052431ea3221ccda835c3262df3564310345ffe173146d9 445B / 445B 1.0s done
#5 extracting sha256:ed2fdcee5269a06b0b8b77c69867176443364a72a9626e9aa2e66ab1ebda35a7 2.1s done
#5 extracting sha256:7ad115895a6aadccf7f98a05c33873c04df2933ba557c5bcdbedd3de612803da
#5 extracting sha256:7ad115895a6aadccf7f98a05c33873c04df2933ba557c5bcdbedd3de612803da 0.1s done
#5 extracting sha256:9d10d4687fae6e13c052431ea3221ccda835c3262df3564310345ffe173146d9 done
#5 DONE 3.5s

#7 [2/6] WORKDIR /app
#7 DONE 0.2s

#8 [3/6] COPY package*.json pnpm-lock.yaml ./
#8 DONE 0.0s

#9 [4/6] RUN npm install -g pnpm && pnpm install
#9 2.762 
#9 2.762 added 1 package in 2s
#9 2.763 
#9 2.763 1 package is looking for funding
#9 2.763   run `npm fund` for details
#9 2.768 npm notice
#9 2.768 npm notice New major version of npm available! 10.8.2 -> 11.11.0
#9 2.768 npm notice Changelog: https://github.com/npm/cli/releases/tag/v11.11.0
#9 2.768 npm notice To update run: npm install -g npm@11.11.0
#9 2.768 npm notice
#9 4.301 Progress: resolved 0, reused 0, downloaded 1, added 0
#9 4.623  WARN  deprecated @types/bcryptjs@3.0.0: This is a stub types definition. bcryptjs provides its own type definitions, so you do not need this installed.
#9 5.307 Progress: resolved 12, reused 0, downloaded 12, added 0
#9 6.307 Progress: resolved 16, reused 0, downloaded 13, added 0
#9 7.309 Progress: resolved 18, reused 0, downloaded 15, added 0
#9 8.311 Progress: resolved 22, reused 0, downloaded 19, added 0
#9 11.34 Progress: resolved 22, reused 0, downloaded 20, added 0
#9 12.34 Progress: resolved 87, reused 0, downloaded 71, added 0
#9 13.35 Progress: resolved 107, reused 0, downloaded 106, added 0
#9 14.35 Progress: resolved 164, reused 0, downloaded 163, added 0
#9 15.35 Progress: resolved 231, reused 0, downloaded 230, added 0
#9 16.35 Progress: resolved 316, reused 0, downloaded 287, added 0
#9 17.36 Progress: resolved 320, reused 0, downloaded 307, added 0
#9 18.38 Progress: resolved 327, reused 0, downloaded 315, added 0
#9 19.50 Progress: resolved 345, reused 0, downloaded 315, added 0
#9 20.55 Progress: resolved 368, reused 0, downloaded 315, added 0
#9 21.55 Progress: resolved 416, reused 0, downloaded 318, added 0
#9 22.58 Progress: resolved 501, reused 0, downloaded 365, added 0
#9 23.58 Progress: resolved 586, reused 0, downloaded 409, added 0
#9 24.58 Progress: resolved 652, reused 0, downloaded 487, added 0
#9 25.23  WARN  2 deprecated subdependencies found: @esbuild-kit/core-utils@3.3.2, @esbuild-kit/esm-loader@2.6.5
#9 25.27 Packages: +521
#9 25.27 ++++++++++++++++++++++++++++++++++++++++++++++++++++++++++++++++++++++++++++++++
#9 25.58 Progress: resolved 690, reused 0, downloaded 526, added 1
#9 26.58 Progress: resolved 690, reused 0, downloaded 526, added 128
#9 27.58 Progress: resolved 690, reused 0, downloaded 526, added 215
#9 28.59 Progress: resolved 690, reused 0, downloaded 526, added 324
#9 29.59 Progress: resolved 690, reused 0, downloaded 526, added 402
#9 30.59 Progress: resolved 690, reused 0, downloaded 526, added 492
#9 31.59 Progress: resolved 690, reused 0, downloaded 526, added 494
#9 32.84 Progress: resolved 690, reused 0, downloaded 526, added 495
#9 33.24 Progress: resolved 690, reused 0, downloaded 526, added 521, done
#9 34.39 
#9 34.39 dependencies:
#9 34.39 + @aws-sdk/client-s3 3.1006.0
#9 34.39 + @aws-sdk/s3-request-presigner 3.1006.0
#9 34.39 + bcryptjs 3.0.3
#9 34.39 + drizzle-orm 0.45.1
#9 34.39 + lucide-react 0.577.0
#9 34.39 + next 16.1.6
#9 34.39 + next-auth 5.0.0-beta.30
#9 34.39 + pg 8.20.0
#9 34.39 + react 19.2.3
#9 34.39 + react-dom 19.2.3
#9 34.39 
#9 34.39 devDependencies:
#9 34.39 + @tailwindcss/postcss 4.2.1
#9 34.39 + @types/bcryptjs 3.0.0 deprecated
#9 34.39 + @types/node 20.19.37
#9 34.39 + @types/pg 8.18.0
#9 34.39 + @types/react 19.2.14
#9 34.39 + @types/react-dom 19.2.3
#9 34.39 + babel-plugin-react-compiler 1.0.0
#9 34.39 + drizzle-kit 0.31.9
#9 34.39 + eslint 9.39.4
#9 34.39 + eslint-config-next 16.1.6
#9 34.39 + tailwindcss 4.2.1
#9 34.39 + typescript 5.9.3
#9 34.39 + vitest 4.0.18
#9 34.39 
#9 34.43 ╭ Warning ─────────────────────────────────────────────────────────────────────╮
#9 34.43 │                                                                              │
#9 34.43 │   Ignored build scripts: esbuild@0.18.20, esbuild@0.25.12, esbuild@0.27.3,   │
#9 34.43 │   sharp@0.34.5, unrs-resolver@1.11.1.                                        │
#9 34.43 │   Run "pnpm approve-builds" to pick which dependencies should be allowed     │
#9 34.43 │   to run scripts.                                                            │
#9 34.43 │                                                                              │
#9 34.43 ╰──────────────────────────────────────────────────────────────────────────────╯
#9 34.54 Done in 31.7s using pnpm v10.32.1
#9 DONE 35.0s

#10 [5/6] COPY . .
#10 DONE 0.2s

#11 [6/6] RUN pnpm build
#11 1.152 
#11 1.152 > iaos-connect@0.1.0 build /app
#11 1.152 > next build
#11 1.152 
#11 3.328 ⚠ Found lockfile missing swc dependencies, patching...
#11 4.625 Attention: Next.js now collects completely anonymous telemetry regarding usage.
#11 4.625 This information is used to shape Next.js' roadmap and prioritize features.
#11 4.625 You can learn more, including how to opt-out if you'd not like to participate in this anonymous program, by visiting the following URL:
#11 4.626 https://nextjs.org/telemetry
#11 4.626 
#11 4.677 ▲ Next.js 16.1.6 (Turbopack)
#11 4.677 
#11 4.792 ⚠ The "middleware" file convention is deprecated. Please use "proxy" instead. Learn more: https://nextjs.org/docs/messages/middleware-to-proxy
#11 5.005   Creating an optimized production build ...
#11 6.541 ⚠ Lockfile was successfully patched, please run "npm install" to ensure @next/swc dependencies are downloaded
#11 35.91 ✓ Compiled successfully in 29.1s
#11 35.99   Running TypeScript ...
#11 57.20   Collecting page data using 1 worker ...
#11 59.70   Generating static pages using 1 worker (0/35) ...
#11 59.99   Generating static pages using 1 worker (8/35) 
#11 60.02   Generating static pages using 1 worker (17/35) 
#11 60.63   Generating static pages using 1 worker (26/35) 
#11 60.73 ✓ Generating static pages using 1 worker (35/35) in 1023.0ms
#11 60.75   Finalizing page optimization ...
#11 60.76 
#11 60.77 Route (app)
#11 60.77 ┌ ○ /
#11 60.77 ├ ○ /_not-found
#11 60.77 ├ ƒ /api/auth/[...nextauth]
#11 60.77 ├ ƒ /api/auth/change-password
#11 60.77 ├ ƒ /api/auth/forgot-password
#11 60.77 ├ ƒ /api/auth/register
#11 60.77 ├ ƒ /api/auth/reset-password
#11 60.77 ├ ƒ /api/career-history
#11 60.77 ├ ƒ /api/career-history/[id]
#11 60.77 ├ ƒ /api/connections
#11 60.77 ├ ƒ /api/connections/[id]
#11 60.77 ├ ƒ /api/donations
#11 60.77 ├ ƒ /api/donations/[id]
#11 60.77 ├ ƒ /api/donations/[id]/transactions
#11 60.77 ├ ƒ /api/donations/[id]/upload-proof
#11 60.77 ├ ƒ /api/donations/leaderboard
#11 60.77 ├ ƒ /api/jobs
#11 60.77 ├ ƒ /api/jobs/[id]
#11 60.77 ├ ƒ /api/jobs/[id]/publish
#11 60.77 ├ ƒ /api/jobs/drafts
#11 60.77 ├ ƒ /api/news
#11 60.77 ├ ƒ /api/news/[id]
#11 60.77 ├ ƒ /api/notifications
#11 60.77 ├ ƒ /api/notifications/[id]
#11 60.77 ├ ƒ /api/notifications/read-all
#11 60.77 ├ ƒ /api/profile
#11 60.77 ├ ƒ /api/profile/photo
#11 60.77 ├ ○ /career
#11 60.77 ├ ○ /career/add
#11 60.77 ├ ○ /connection
#11 60.77 ├ ƒ /connection/[id]
#11 60.77 ├ ○ /donation
#11 60.77 ├ ƒ /donation/[id]
#11 60.77 ├ ○ /donation/leaderboard
#11 60.77 ├ ○ /forgot-password
#11 60.77 ├ ○ /login
#11 60.77 ├ ○ /news
#11 60.77 ├ ƒ /news/[id]
#11 60.77 ├ ○ /news/notifications
#11 60.77 ├ ○ /news/search
#11 60.77 ├ ○ /profile
#11 60.77 ├ ○ /profile/career
#11 60.77 ├ ƒ /profile/career/[id]
#11 60.77 ├ ○ /profile/change-password
#11 60.77 ├ ○ /profile/edit
#11 60.77 ├ ○ /register
#11 60.77 └ ○ /reset-password
#11 60.77 
#11 60.77 
#11 60.77 ƒ Proxy (Middleware)
#11 60.77 
#11 60.77 ○  (Static)   prerendered as static content
#11 60.77 ƒ  (Dynamic)  server-rendered on demand
#11 60.77 
#11 DONE 61.2s

#12 exporting to image
#12 exporting layers
#12 exporting layers 63.0s done
#12 writing image sha256:e4cc01c4dfd67083b8b5fd46d4f9b1e4ad597b23ad3ed3b52e83b1cdae12436f done
#12 naming to docker.io/library/staging-web 0.0s done
#12 DONE 63.1s

#13 resolving provenance for metadata file
#13 DONE 0.1s

2026/03/11 10:49:05.013008 [INFO] time="2026-03-11T10:46:18Z" level=warning msg="/var/app/staging/docker-compose.yml: the attribute `version` is obsolete, it will be ignored, please remove it to avoid potential confusion"
 Image staging-web Building 
 Image staging-web Built 

2026/03/11 10:49:05.014108 [INFO] successfully execute command: docker compose build
2026/03/11 10:49:05.014125 [INFO] successfully build docker images
2026/03/11 10:49:05.015252 [INFO] Executing instruction: configure X-Ray
2026/03/11 10:49:05.017534 [INFO] X-Ray is not enabled.
2026/03/11 10:49:05.017566 [INFO] Executing instruction: configure proxy Nginx
2026/03/11 10:49:05.020554 [INFO] Recreating /var/proxy/staging/nginx
2026/03/11 10:49:05.051196 [INFO] Executing instruction: configure healthd specific proxy conf
2026/03/11 10:49:05.056789 [INFO] Running command: systemctl show -p PartOf healthd.service
2026/03/11 10:49:05.121871 [INFO] Running command: systemctl daemon-reload
2026/03/11 10:49:05.675382 [INFO] Running command: systemctl reset-failed
2026/03/11 10:49:05.690137 [INFO] Running command: systemctl is-enabled aws-eb.target
2026/03/11 10:49:05.703899 [INFO] Running command: systemctl enable aws-eb.target
2026/03/11 10:49:06.071217 [INFO] Running command: systemctl start aws-eb.target
2026/03/11 10:49:06.085992 [INFO] Running command: systemctl enable healthd.service
2026/03/11 10:49:06.426396 [INFO] Created symlink /etc/systemd/system/multi-user.target.wants/healthd.service → /etc/systemd/system/healthd.service.

2026/03/11 10:49:06.426432 [INFO] Running command: systemctl show -p PartOf healthd.service
2026/03/11 10:49:06.451152 [INFO] Running command: systemctl is-active healthd.service
2026/03/11 10:49:06.463208 [INFO] Running command: systemctl start healthd.service
2026/03/11 10:49:06.572377 [INFO] Executing instruction: configure log streaming
2026/03/11 10:49:06.572396 [INFO] log streaming is not enabled
2026/03/11 10:49:06.572408 [INFO] disable log stream
2026/03/11 10:49:06.572422 [INFO] Running command: systemctl show -p PartOf amazon-cloudwatch-agent.service
2026/03/11 10:49:06.596968 [INFO] Running command: systemctl stop amazon-cloudwatch-agent.service
2026/03/11 10:49:06.619885 [INFO] Executing instruction: GetToggleForceRotate
2026/03/11 10:49:06.619913 [INFO] Checking if logs need forced rotation
2026/03/11 10:49:06.619934 [INFO] Running command: /opt/aws/bin/cfn-get-metadata -s arn:aws:cloudformation:ap-southeast-1:971470477689:stack/awseb-e-awxrvevwc2-immutable-stack/6c302f60-1d37-11f1-986d-06e088491451 -r AWSEBAutoScalingGroup --region ap-southeast-1
2026/03/11 10:49:07.550737 [INFO] Running command: /opt/aws/bin/cfn-get-metadata -s arn:aws:cloudformation:ap-southeast-1:971470477689:stack/awseb-e-awxrvevwc2-immutable-stack/6c302f60-1d37-11f1-986d-06e088491451 -r AWSEBBeanstalkMetadata --region ap-southeast-1
2026/03/11 10:49:08.069303 [INFO] Procfile not found. Generating default rsyslog config
2026/03/11 10:49:08.072560 [INFO] Running command: systemctl restart rsyslog.service
2026/03/11 10:49:08.709047 [INFO] Executing instruction: Configure Docker Logging
2026/03/11 10:49:08.747393 [INFO] Executing instruction: PostBuildEbExtension
2026/03/11 10:49:08.747429 [INFO] Starting executing the config set Infra-EmbeddedPostBuild.
2026/03/11 10:49:08.747445 [INFO] Running command: /opt/aws/bin/cfn-init -s arn:aws:cloudformation:ap-southeast-1:971470477689:stack/awseb-e-awxrvevwc2-immutable-stack/6c302f60-1d37-11f1-986d-06e088491451 -r AWSEBAutoScalingGroup --region ap-southeast-1 --configsets Infra-EmbeddedPostBuild
2026/03/11 10:49:09.226469 [INFO] Finished executing the config set Infra-EmbeddedPostBuild.

2026/03/11 10:49:09.226533 [INFO] Executing instruction: CleanEbExtensions
2026/03/11 10:49:09.226746 [INFO] Cleaned ebextensions subdirectories from app staging directory.
2026/03/11 10:49:09.226755 [INFO] Executing instruction: RunAppDeployPreDeployHooks
2026/03/11 10:49:09.226833 [INFO] Executing platform hooks in .platform/hooks/predeploy/
2026/03/11 10:49:09.226859 [INFO] The dir .platform/hooks/predeploy/ does not exist
2026/03/11 10:49:09.226867 [INFO] Finished running scripts in /var/app/staging/.platform/hooks/predeploy
2026/03/11 10:49:09.226880 [INFO] Executing instruction: stop X-Ray
2026/03/11 10:49:09.226886 [INFO] stop X-Ray ...
2026/03/11 10:49:09.226898 [INFO] Running command: systemctl show -p PartOf xray.service
2026/03/11 10:49:09.248756 [WARN] stopProcess Warning: process xray is not registered 
2026/03/11 10:49:09.248795 [INFO] Running command: systemctl stop xray.service
2026/03/11 10:49:09.270375 [INFO] Executing instruction: Run Docker Container
2026/03/11 10:49:09.270424 [INFO] this is the first time deploying app...
2026/03/11 10:49:09.270432 [INFO] Removing /var/app/current/ if it exists
2026/03/11 10:49:09.270451 [INFO] Renaming /var/app/staging/ to /var/app/current/
2026/03/11 10:49:09.270492 [INFO] detected new app is docker compose app
2026/03/11 10:49:09.270510 [INFO] Running command: systemctl show -p PartOf eb-docker-compose-events.service
2026/03/11 10:49:09.296127 [INFO] Running command: systemctl daemon-reload
2026/03/11 10:49:09.723182 [INFO] Running command: systemctl reset-failed
2026/03/11 10:49:09.738886 [INFO] Running command: systemctl enable eb-docker-compose-events.service
2026/03/11 10:49:10.099503 [INFO] Created symlink /etc/systemd/system/docker.service.wants/eb-docker-compose-events.service → /etc/systemd/system/eb-docker-compose-events.service.

2026/03/11 10:49:10.099546 [INFO] Running command: systemctl show -p PartOf eb-docker-compose-events.service
2026/03/11 10:49:10.117809 [INFO] Running command: systemctl is-active eb-docker-compose-events.service
2026/03/11 10:49:10.129734 [INFO] Running command: systemctl start eb-docker-compose-events.service
2026/03/11 10:49:10.233673 [INFO] Running command: docker images | sed 1d
2026/03/11 10:49:10.360595 [INFO] staging-web   latest     e4cc01c4dfd6   About a minute ago   1.33GB
nginx         1-alpine   d0c780774910   12 hours ago         62.2MB
minio/minio   latest     69b2ec208575   6 months ago         175MB

2026/03/11 10:49:10.360644 [INFO] tag image with command docker tag e4cc01c4dfd6 current-web:latest
2026/03/11 10:49:10.360655 [INFO] Running command: docker tag e4cc01c4dfd6 current-web:latest
2026/03/11 10:49:10.389114 [INFO] Running command: docker rmi staging-web
2026/03/11 10:49:10.414197 [INFO] Untagged: staging-web:latest

2026/03/11 10:49:10.414231 [INFO] Running command: docker compose up -d
2026/03/11 10:49:12.887788 [INFO] time="2026-03-11T10:49:10Z" level=warning msg="/var/app/current/docker-compose.yml: the attribute `version` is obsolete, it will be ignored, please remove it to avoid potential confusion"
 Network current_default Creating 
 Network current_default Created 
 Volume current_minio_data Creating 
 Volume current_minio_data Created 
 Container current-minio-1 Creating 
 Container current-web-1 Creating 
 Container current-minio-1 Created 
 Container current-web-1 Created 
 Container current-nginx-1 Creating 
 Container current-nginx-1 Created 
 Container current-minio-1 Starting 
 Container current-web-1 Starting 
 Container current-minio-1 Started 
 Container current-web-1 Started 
 Container current-nginx-1 Starting 
 Container current-nginx-1 Started 

2026/03/11 10:49:12.887843 [INFO] Running command: systemctl show -p PartOf eb-docker-compose-log.service
2026/03/11 10:49:12.929296 [INFO] Running command: systemctl daemon-reload
2026/03/11 10:49:13.519929 [INFO] Running command: systemctl reset-failed
2026/03/11 10:49:13.537143 [INFO] Running command: systemctl enable eb-docker-compose-log.service
2026/03/11 10:49:14.093305 [INFO] The unit files have no installation config (WantedBy=, RequiredBy=, Also=,
Alias= settings in the [Install] section, and DefaultInstance= for template
units). This means they are not meant to be enabled using systemctl.
 
Possible reasons for having this kind of units are:
• A unit may be statically enabled by being symlinked from another unit's
  .wants/ or .requires/ directory.
• A unit's purpose may be to act as a helper for some other unit which has
  a requirement dependency on it.
• A unit may be started when needed via activation (socket, path, timer,
  D-Bus, udev, scripted systemctl call, ...).
• In case of template units, the unit is meant to be enabled with some
  instance name specified.

2026/03/11 10:49:14.093338 [INFO] Running command: systemctl show -p PartOf eb-docker-compose-log.service
2026/03/11 10:49:14.132133 [INFO] Running command: systemctl is-active eb-docker-compose-log.service
2026/03/11 10:49:14.154517 [INFO] Running command: systemctl start eb-docker-compose-log.service
2026/03/11 10:49:14.356497 [INFO] Running command: docker compose ps -q
2026/03/11 10:49:14.568337 [INFO] eeaf8b89f806f4353f14336535a64bb411407ad3e2a603f772f9ef6566e25e28
79a72d523c81689ec1e15ec0fc79da9e6e9b1f408835d1c2d29ee958507fbc96
dbddbb7f134cc4edbf8edfa3ca047b7e3b14ab362ce062b43fa6e0013d628e38

2026/03/11 10:49:14.568374 [INFO] time="2026-03-11T10:49:14Z" level=warning msg="/var/app/current/docker-compose.yml: the attribute `version` is obsolete, it will be ignored, please remove it to avoid potential confusion"

2026/03/11 10:49:14.568666 [INFO] Cleanup images ...
2026/03/11 10:49:14.568683 [INFO] Running command: docker images -a
2026/03/11 10:49:14.607499 [INFO] REPOSITORY    TAG        IMAGE ID       CREATED              SIZE
current-web   latest     e4cc01c4dfd6   About a minute ago   1.33GB
nginx         1-alpine   d0c780774910   12 hours ago         62.2MB
minio/minio   latest     69b2ec208575   6 months ago         175MB

2026/03/11 10:49:14.607544 [INFO] Running command: docker rmi `docker images -aq`
2026/03/11 10:49:14.668753 [INFO] Error response from daemon: conflict: unable to delete e4cc01c4dfd6 (cannot be forced) - image is being used by running container dbddbb7f134c
Error response from daemon: conflict: unable to delete d0c780774910 (cannot be forced) - image is being used by running container 79a72d523c81
Error response from daemon: conflict: unable to delete 69b2ec208575 (cannot be forced) - image is being used by running container eeaf8b89f806

2026/03/11 10:49:14.668796 [INFO] Running command: docker images -a
2026/03/11 10:49:14.696822 [INFO] REPOSITORY    TAG        IMAGE ID       CREATED              SIZE
current-web   latest     e4cc01c4dfd6   About a minute ago   1.33GB
nginx         1-alpine   d0c780774910   12 hours ago         62.2MB
minio/minio   latest     69b2ec208575   6 months ago         175MB

2026/03/11 10:49:14.696851 [INFO] Pruning build cache ...
2026/03/11 10:49:14.696864 [INFO] Running command: docker builder prune -f
2026/03/11 10:49:15.535056 [INFO] ID						RECLAIMABLE	SIZE		LAST ACCESSED
xc9k1i698lkbgtz744l2cgc2x*              	true 		6.741MB   	10 seconds ago
gyqd52i6r4j92oku1d2vxbha5*              	true 	195B      	10 seconds ago
6zyyws0qq31buyjci9rv1fgiq*              	true 	21B       	10 seconds ago
Total:	6.741MB

2026/03/11 10:49:15.535094 [INFO] Executing instruction: start X-Ray
2026/03/11 10:49:15.535103 [INFO] X-Ray is not enabled.
2026/03/11 10:49:15.535109 [INFO] Executing instruction: configureSqsd
2026/03/11 10:49:15.535116 [INFO] This is a web server environment instance, skip configure sqsd daemon ...
2026/03/11 10:49:15.535121 [INFO] Executing instruction: startSqsd
2026/03/11 10:49:15.535126 [INFO] This is a web server environment instance, skip start sqsd daemon ...
2026/03/11 10:49:15.535131 [INFO] Executing instruction: Track pids in healthd
2026/03/11 10:49:15.535137 [INFO] This is an enhanced health env...
2026/03/11 10:49:15.535153 [INFO] Running command: systemctl show -p ConsistsOf aws-eb.target | cut -d= -f2
2026/03/11 10:49:15.567415 [INFO] healthd.service eb-docker-compose-log.service eb-docker-events.service cfn-hup.service eb-docker-compose-events.service docker.service

2026/03/11 10:49:15.567460 [INFO] Running command: systemctl show -p ConsistsOf eb-app.target | cut -d= -f2
2026/03/11 10:49:15.587415 [INFO] 

2026/03/11 10:49:15.590126 [INFO] Executing instruction: RunAppDeployPostDeployHooks
2026/03/11 10:49:15.590326 [INFO] Executing platform hooks in .platform/hooks/postdeploy/
2026/03/11 10:49:15.590365 [INFO] The dir .platform/hooks/postdeploy/ does not exist
2026/03/11 10:49:15.590371 [INFO] Finished running scripts in /var/app/current/.platform/hooks/postdeploy
2026/03/11 10:49:15.590383 [INFO] Executing cleanup logic
2026/03/11 10:49:15.591725 [INFO] Platform Engine finished execution on command: self-startup

2026/03/11 10:50:25.509572 [INFO] Starting...
2026/03/11 10:50:25.509629 [INFO] Starting EBPlatform-PlatformEngine
2026/03/11 10:50:25.509683 [INFO] reading event message file
2026/03/11 10:50:25.517654 [INFO] Engine received EB command cfn-hup-exec

2026/03/11 10:50:25.714123 [INFO] Skipping populate manifest for light execution
2026/03/11 10:50:25.714155 [INFO] Engine command: (switch-cfn-stack)

2026/03/11 10:50:25.715645 [INFO] Executing instruction: Switch CFN Stack
2026/03/11 10:50:25.715654 [INFO] Starting SwitchCFNStack
2026/03/11 10:50:35.809677 [INFO] Executing cleanup logic
2026/03/11 10:50:35.810826 [INFO] CommandService Response: {"status":"SUCCESS","api_version":"1.0","results":[{"status":"SUCCESS","msg":"Engine execution has succeeded.","returncode":0,"events":[{"msg":"Instance deployment completed successfully.","timestamp":1773226235809,"severity":"INFO"}]}]}

2026/03/11 10:50:35.810906 [INFO] Platform Engine finished execution on command: switch-cfn-stack

2026/03/11 10:55:28.593720 [INFO] Starting...
2026/03/11 10:55:28.593782 [INFO] Starting EBPlatform-PlatformEngine
2026/03/11 10:55:28.593814 [INFO] reading event message file
2026/03/11 10:55:28.594383 [INFO] Engine received EB command cfn-hup-exec

2026/03/11 10:55:28.682082 [INFO] Running command: /opt/aws/bin/cfn-get-metadata -s arn:aws:cloudformation:ap-southeast-1:971470477689:stack/awseb-e-awxrvevwc2-stack/1a17a4d0-1d12-11f1-a7fb-0a87c15f4199 -r AWSEBAutoScalingGroup --region ap-southeast-1
2026/03/11 10:55:29.099169 [INFO] Running command: /opt/aws/bin/cfn-get-metadata -s arn:aws:cloudformation:ap-southeast-1:971470477689:stack/awseb-e-awxrvevwc2-stack/1a17a4d0-1d12-11f1-a7fb-0a87c15f4199 -r AWSEBBeanstalkMetadata --region ap-southeast-1
2026/03/11 10:55:29.503928 [INFO] checking whether command bundle-log is applicable to this instance...
2026/03/11 10:55:29.503949 [INFO] this command is applicable to the instance, thus instance should execute command
2026/03/11 10:55:29.503954 [INFO] Engine command: (bundle-log)

2026/03/11 10:55:29.504046 [INFO] Executing instruction: GetBundleLogs
2026/03/11 10:55:29.504053 [INFO] Bundle Logs...
