2026-03-11 10:33:22,981 [DEBUG] CloudFormation client initialized with endpoint https://cloudformation.ap-southeast-1.amazonaws.com
2026-03-11 10:33:22,981 [DEBUG] SQS client initialized with endpoint https://sqs.ap-southeast-1.amazonaws.com
2026-03-11 10:33:22,981 [DEBUG] CloudFormation client initialized with endpoint https://cloudformation.ap-southeast-1.amazonaws.com
2026-03-11 10:33:22,982 [DEBUG] Enabled single threading mode.
2026-03-11 10:33:22,982 [DEBUG] Creating /var/lib/cfn-hup/data
2026-03-11 10:33:22,992 [INFO] No umask value specified in config file. Using the default one: 0o22
2026-03-11 10:33:23,037 [INFO] Pid: 1816
2026-03-11 10:33:23,384 [INFO] Refreshing listener credentials
2026-03-11 10:33:23,501 [INFO] Scheduling next credential refresh in 1800.0 seconds
2026-03-11 10:33:52,810 [INFO] Received command ElasticBeanstalkCommand-AWSEBAutoScalingGroup (invocation id: e99e088f-34d9-42fb-80f7-2daafc4104c5)
2026-03-11 10:33:52,810 [INFO] Running action for aws-eb-command-handler
2026-03-11 10:36:57,179 [INFO] Action for aws-eb-command-handler succeeded, returning SUCCESS
2026-03-11 10:37:20,007 [INFO] Received command ElasticBeanstalkCommand-AWSEBAutoScalingGroup (invocation id: 31540b9d-b4fe-46fa-87b9-c64cb57bc34a)
2026-03-11 10:37:20,008 [INFO] Running action for aws-eb-command-handler
2026-03-11 10:37:30,364 [INFO] Action for aws-eb-command-handler succeeded, returning SUCCESS
2026-03-11 10:37:40,370 [INFO] Shutting down cfn-hup with signal: 15
2026-03-11 10:37:50,954 [DEBUG] CloudFormation client initialized with endpoint https://cloudformation.ap-southeast-1.amazonaws.com
2026-03-11 10:37:50,954 [DEBUG] SQS client initialized with endpoint https://sqs.ap-southeast-1.amazonaws.com
2026-03-11 10:37:50,954 [DEBUG] CloudFormation client initialized with endpoint https://cloudformation.ap-southeast-1.amazonaws.com
2026-03-11 10:37:50,954 [DEBUG] Enabled single threading mode.
2026-03-11 10:37:50,963 [INFO] No umask value specified in config file. Using the default one: 0o22
2026-03-11 10:37:51,007 [INFO] Pid: 3795
2026-03-11 10:37:51,283 [INFO] Refreshing listener credentials
2026-03-11 10:37:51,372 [INFO] Scheduling next credential refresh in 1799.0 seconds
2026-03-11 10:42:18,529 [INFO] Received command ElasticBeanstalkCommand-AWSEBAutoScalingGroup (invocation id: 410ad775-efae-4759-a724-eb3f834e3f74)
2026-03-11 10:42:18,529 [INFO] Running action for aws-eb-command-handler
