[2026-03-11T10:33:17Z] Started EB User Data
+ SLEEP_TIME=2
+ SLEEP_TIME_MAX=3600
+ true
+ curl https://elasticbeanstalk-platform-assets-ap-southeast-1.s3.ap-southeast-1.amazonaws.com/stalks/eb_docker_amazon_linux_2023_1.0.2070.0_20260225182952/lib/UserDataScript.sh
  % Total    % Received % Xferd  Average Speed   Time    Time     Time  Current
                                 Dload  Upload   Total   Spent    Left  Speed
  0     0   0     0   0     0     0     0  --:--:-- --:--:-- --:--:--     0100  4838 100  4838   0     0 90276     0  --:--:-- --:--:-- --:--:-- 91283
+ RESULT=0
+ [[ 0 -ne 0 ]]
+ /bin/bash /tmp/ebbootstrap.sh 'https://cloudformation-waitcondition-ap-southeast-1.s3-ap-southeast-1.amazonaws.com/arn%3Aaws%3Acloudformation%3Aap-southeast-1%3A971470477689%3Astack/awseb-e-awxrvevwc2-immutable-stack/a76d33e0-1d35-11f1-be45-028113544e35/a76e1e40-1d35-11f1-be45-028113544e35/AWSEBInstanceLaunchWaitHandle?X-Amz-Algorithm=AWS4-HMAC-SHA256&X-Amz-Date=20260311T103253Z&X-Amz-SignedHeaders=host&X-Amz-Expires=43199&X-Amz-Credential=AKIAXKFFXMS337UUQZVD%2F20260311%2Fap-southeast-1%2Fs3%2Faws4_request&X-Amz-Signature=cb37e15487be2f3dccf4b982cbca249a6f5dae0b4fc6345c128edf16c2b702c6' arn:aws:cloudformation:ap-southeast-1:971470477689:stack/awseb-e-awxrvevwc2-immutable-stack/a76d33e0-1d35-11f1-be45-028113544e35 15168095-aa0c-49ed-8606-50f904be0b27 https://elasticbeanstalk-health.ap-southeast-1.amazonaws.com '' https://elasticbeanstalk-platform-assets-ap-southeast-1.s3.ap-southeast-1.amazonaws.com/stalks/eb_docker_amazon_linux_2023_1.0.2070.0_20260225182952 ap-southeast-1
[2026-03-11T10:33:17.777Z] Started EB Bootstrapping Script.
[2026-03-11T10:33:17.785Z] Received parameters:
 TARBALLS = 
 EB_GEMS = 
 SIGNAL_URL = https://cloudformation-waitcondition-ap-southeast-1.s3-ap-southeast-1.amazonaws.com/arn%3Aaws%3Acloudformation%3Aap-southeast-1%3A971470477689%3Astack/awseb-e-awxrvevwc2-immutable-stack/a76d33e0-1d35-11f1-be45-028113544e35/a76e1e40-1d35-11f1-be45-028113544e35/AWSEBInstanceLaunchWaitHandle?X-Amz-Algorithm=AWS4-HMAC-SHA256&X-Amz-Date=20260311T103253Z&X-Amz-SignedHeaders=host&X-Amz-Expires=43199&X-Amz-Credential=AKIAXKFFXMS337UUQZVD%2F20260311%2Fap-southeast-1%2Fs3%2Faws4_request&X-Amz-Signature=cb37e15487be2f3dccf4b982cbca249a6f5dae0b4fc6345c128edf16c2b702c6
 STACK_ID = arn:aws:cloudformation:ap-southeast-1:971470477689:stack/awseb-e-awxrvevwc2-immutable-stack/a76d33e0-1d35-11f1-be45-028113544e35
 REGION = ap-southeast-1
 GUID = 
 HEALTHD_GROUP_ID = 15168095-aa0c-49ed-8606-50f904be0b27
 HEALTHD_ENDPOINT = https://elasticbeanstalk-health.ap-southeast-1.amazonaws.com
 PROXY_SERVER = 
 HEALTHD_PROXY_LOG_LOCATION = 
 PLATFORM_ASSETS_URL = https://elasticbeanstalk-platform-assets-ap-southeast-1.s3.ap-southeast-1.amazonaws.com/stalks/eb_docker_amazon_linux_2023_1.0.2070.0_20260225182952
[2026-03-11T10:33:17.794Z] engine url is set to https://elasticbeanstalk-platform-assets-ap-southeast-1.s3.ap-southeast-1.amazonaws.com/stalks/eb_docker_amazon_linux_2023_1.0.2070.0_20260225182952/lib/platform-engine.zip
[2026-03-11T10:33:17.798Z] first init of instance.
[2026-03-11T10:33:17.802Z] Started executing cfn_init _OnInstanceBoot.
[2026-03-11T10:33:17.806Z] Running cfn-init ConfigSet: _OnInstanceBoot.
[2026-03-11T10:33:17.812Z] Using stack-id from userdata
[2026-03-11T10:33:18.725Z] Command Returned: 
[2026-03-11T10:33:18.731Z] Completed executing cfn_init.
[2026-03-11T10:33:18.737Z] finished _OnInstanceBoot
[2026-03-11T10:33:18.741Z] installing platform engine
2026-03-11 10:33:19 URL:https://elasticbeanstalk-platform-assets-ap-southeast-1.s3.ap-southeast-1.amazonaws.com/stalks/eb_docker_amazon_linux_2023_1.0.2070.0_20260225182952/lib/platform-engine.zip [44125061/44125061] -> "/tmp/platform-engine.zip" [1]
[2026-03-11T10:33:20.373Z] executing platform engine. see /var/log/eb-engine.log.
[2026-03-11T10:33:27.014Z] Successfully bootstrapped instance.
[2026-03-11T10:33:27.021Z] Sending signal 0 to CFN wait condition https://cloudformation-waitcondition-ap-southeast-1.s3-ap-southeast-1.amazonaws.com/arn%3Aaws%3Acloudformation%3Aap-southeast-1%3A971470477689%3Astack/awseb-e-awxrvevwc2-immutable-stack/a76d33e0-1d35-11f1-be45-028113544e35/a76e1e40-1d35-11f1-be45-028113544e35/AWSEBInstanceLaunchWaitHandle?X-Amz-Algorithm=AWS4-HMAC-SHA256&X-Amz-Date=20260311T103253Z&X-Amz-SignedHeaders=host&X-Amz-Expires=43199&X-Amz-Credential=AKIAXKFFXMS337UUQZVD%2F20260311%2Fap-southeast-1%2Fs3%2Faws4_request&X-Amz-Signature=cb37e15487be2f3dccf4b982cbca249a6f5dae0b4fc6345c128edf16c2b702c6
CloudFormation signaled successfully with status SUCCESS
[2026-03-11T10:33:27.485Z] Tailing /var/log/eb-engine.log

******************* eb-engine taillog *******************
2026/03/11 10:33:21.496178 [INFO] Running command: systemctl show -p PartOf cfn-hup.service
2026/03/11 10:33:21.517784 [INFO] Running command: systemctl daemon-reload
2026/03/11 10:33:21.840022 [INFO] Running command: systemctl reset-failed
2026/03/11 10:33:21.853890 [INFO] Running command: systemctl is-enabled aws-eb.target
2026/03/11 10:33:21.866744 [INFO] Running command: systemctl enable aws-eb.target
2026/03/11 10:33:22.192441 [INFO] Running command: systemctl start aws-eb.target
2026/03/11 10:33:22.205542 [INFO] Running command: systemctl enable cfn-hup.service
2026/03/11 10:33:22.568306 [INFO] Created symlink /etc/systemd/system/multi-user.target.wants/cfn-hup.service → /etc/systemd/system/cfn-hup.service.

2026/03/11 10:33:22.568343 [INFO] Running command: systemctl is-active cfn-hup.service
2026/03/11 10:33:22.581189 [INFO] cfn-hup process is not running, starting it now
2026/03/11 10:33:22.581221 [INFO] Running command: systemctl show -p PartOf cfn-hup.service
2026/03/11 10:33:22.597641 [INFO] Running command: systemctl is-active cfn-hup.service
2026/03/11 10:33:22.609496 [INFO] Running command: systemctl start cfn-hup.service
2026/03/11 10:33:22.694871 [INFO] Instance has NOT been bootstrapped
2026/03/11 10:33:22.694899 [INFO] Executing instruction: SetupPublishLogCronjob
2026/03/11 10:33:22.694905 [INFO] Setup publish logs cron job...
2026/03/11 10:33:22.694917 [INFO] Copying file /opt/elasticbeanstalk/config/private/logtasks/cron/publishlogs to /etc/cron.d/publishlogs
2026/03/11 10:33:22.702419 [INFO] Executing instruction: Start Docker
2026/03/11 10:33:22.702439 [INFO] Starting Docker...
2026/03/11 10:33:22.702555 [INFO] Copying file /opt/elasticbeanstalk/config/private/docker-log.conf to /etc/systemd/system/docker.service.d/docker-log.conf
2026/03/11 10:33:22.704963 [INFO] Copying file /opt/elasticbeanstalk/config/private/docker-rsyslog.conf to /etc/rsyslog.d/docker-log.conf
2026/03/11 10:33:22.707222 [INFO] Running command: systemctl restart rsyslog.service
2026/03/11 10:33:23.147608 [INFO] Running command: systemctl show -p PartOf docker.service
2026/03/11 10:33:23.170861 [INFO] Running command: systemctl daemon-reload
2026/03/11 10:33:23.610934 [INFO] Running command: systemctl reset-failed
2026/03/11 10:33:23.624998 [INFO] Running command: systemctl show -p PartOf docker.service
2026/03/11 10:33:23.643314 [INFO] Running command: systemctl restart docker.service
2026/03/11 10:33:26.078573 [INFO] Instance has NOT been bootstrapped
2026/03/11 10:33:26.078605 [INFO] Executing instruction: Setup Docker Options
2026/03/11 10:33:26.078611 [INFO] Setting up configurations for docker platform
2026/03/11 10:33:26.093614 [INFO] Running command: systemctl show -p PartOf eb-docker-events.service
2026/03/11 10:33:26.126559 [INFO] Running command: systemctl daemon-reload
2026/03/11 10:33:26.504689 [INFO] Running command: systemctl reset-failed
2026/03/11 10:33:26.518047 [INFO] Running command: systemctl enable eb-docker-events.service
2026/03/11 10:33:26.884738 [INFO] Created symlink /etc/systemd/system/docker.service.wants/eb-docker-events.service → /etc/systemd/system/eb-docker-events.service.

2026/03/11 10:33:26.884839 [INFO] Running command: systemctl show -p PartOf eb-docker-events.service
2026/03/11 10:33:26.902576 [INFO] Running command: systemctl is-active eb-docker-events.service
2026/03/11 10:33:26.915154 [INFO] Running command: systemctl start eb-docker-events.service
2026/03/11 10:33:27.009309 [INFO] Instance has NOT been bootstrapped
2026/03/11 10:33:27.009331 [INFO] Executing instruction: MarkBootstrapped
2026/03/11 10:33:27.009337 [INFO] Starting MarkBootstrapped
2026/03/11 10:33:27.009365 [INFO] Instance has NOT been bootstrapped
2026/03/11 10:33:27.009523 [INFO] Marked instance as Bootstrapped
2026/03/11 10:33:27.009531 [INFO] Executing instruction: Save CFN Stack Info
2026/03/11 10:33:27.009636 [INFO] Saving CFN stack info
2026/03/11 10:33:27.009733 [INFO] Executing cleanup logic
2026/03/11 10:33:27.009750 [INFO] Platform Engine finished execution on command: env-launch
******************* End of taillog *******************


[2026-03-11T10:33:27.496Z] Tailing /var/log/eb-tools.log

******************* eb-tools taillog *******************
***eb-tools is not available yet.***
******************* End of taillog *******************


[2026-03-11T10:33:27.500Z] Tailing /var/log/eb-hooks.log

******************* eb-hooks taillog *******************
***eb-hooks is not available yet.***
******************* End of taillog *******************


[2026-03-11T10:33:27.505Z] Tailing /var/log/cfn-init.log

******************* cfn-init taillog *******************
2026-03-11 10:33:18,385 [INFO] -----------------------Starting build-----------------------
2026-03-11 10:33:18,392 [INFO] Running configSets: _OnInstanceBoot
2026-03-11 10:33:18,395 [INFO] Running configSet _OnInstanceBoot
2026-03-11 10:33:18,398 [INFO] Running config AWSEBBaseConfig
2026-03-11 10:33:18,664 [INFO] Command clearbackupfiles succeeded
2026-03-11 10:33:18,668 [INFO] Running config AWSEBCfnHupEndpointOverride
2026-03-11 10:33:18,676 [INFO] Command clearbackupfiles succeeded
2026-03-11 10:33:18,677 [INFO] ConfigSets completed
2026-03-11 10:33:18,677 [INFO] -----------------------Build complete-----------------------
******************* End of taillog *******************


[2026-03-11T10:33:27.512Z] Tailing /var/log/cfn-hup.log

******************* cfn-hup taillog *******************
2026-03-11 10:33:22,981 [DEBUG] CloudFormation client initialized with endpoint https://cloudformation.ap-southeast-1.amazonaws.com
2026-03-11 10:33:22,981 [DEBUG] SQS client initialized with endpoint https://sqs.ap-southeast-1.amazonaws.com
2026-03-11 10:33:22,981 [DEBUG] CloudFormation client initialized with endpoint https://cloudformation.ap-southeast-1.amazonaws.com
2026-03-11 10:33:22,982 [DEBUG] Enabled single threading mode.
2026-03-11 10:33:22,982 [DEBUG] Creating /var/lib/cfn-hup/data
2026-03-11 10:33:22,992 [INFO] No umask value specified in config file. Using the default one: 0o22
2026-03-11 10:33:23,037 [INFO] Pid: 1816
2026-03-11 10:33:23,384 [INFO] Refreshing listener credentials
2026-03-11 10:33:23,501 [INFO] Scheduling next credential refresh in 1800.0 seconds
******************* End of taillog *******************


+ RESULT=0
+ [[ 0 -ne 0 ]]
+ exit 0
[2026-03-11T10:33:27.519Z] Completed EB Bootstrapping Script.
